============================= test session starts =============================
platform win32 -- Python 3.12.13, pytest-9.1.1, pluggy-1.6.0
rootdir: E:\Projects\FINOS_Project
configfile: pyproject.toml
plugins: rerunfailures-16.6.1, xdist-3.8.0, anyio-4.15.0, cov-7.1.0, inline-snapshot-0.35.4, asyncio-1.4.0, repeat-0.9.4
asyncio: mode=Mode.STRICT, debug=False, asyncio_default_fixture_loop_scope=None, asyncio_default_test_loop_scope=function
collected 3 items

evals\retrieval\test_retrieval.py F..                                    [100%]

================================== FAILURES ===================================
________________________ test_retrieval_recall_and_mrr ________________________

client = Client(server=<mcp.server.mcpserver.server.MCPServer object at 0x0000016DA136C410>, raise_exceptions=True, read_timeou...sion.ClientSession object at 0x0000016DA35B6510>, _exit_stack=<contextlib.AsyncExitStack object at 0x0000016DA35B71A0>)

    @pytest.mark.anyio
    async def test_retrieval_recall_and_mrr(client: Client) -> None:
        status_result = await _call_tool(client, "search_status", {})
        assert status_result.is_error is False, status_result.content
        status = status_result.structured_content
        semantic_active = bool(status["semantic_enabled"])
    
        modes = ("search_only", "tool_assisted")
        scores: dict[str, dict[int, list[float]]] = {m: {1: [], 3: [], 5: []} for m in modes}
        rr: dict[str, list[float]] = {m: [] for m in modes}
        non_mh_scores: dict[int, list[float]] = {1: [], 3: [], 5: []}
        non_mh_rr: list[float] = []
        misses: list[dict[str, Any]] = []
    
        for q in QUESTIONS:
            expected = set(q["expected"])
            search_ids = await _search_ids(client, q["question"], k=10)
            tool_ids = await _tool_assisted_ids(client, q, search_ids)
            ranked = {"search_only": search_ids, "tool_assisted": tool_ids}
    
            for mode, ids in ranked.items():
                for k in (1, 3, 5):
                    scores[mode][k].append(recall_at_k(ids, expected, k))
                rr[mode].append(reciprocal_rank(ids, expected))
                if recall_at_k(ids, expected, 5) < 1.0:
                    misses.append(
                        {
                            "id": q["id"],
                            "mode": mode,
                            "kind": q["kind"],
                            "question": q["question"],
                            "expected": sorted(expected),
                            "top5": ids[:5],
                        }
                    )
    
            if q["kind"] != "multihop":
                for k in (1, 3, 5):
                    non_mh_scores[k].append(recall_at_k(search_ids, expected, k))
                non_mh_rr.append(reciprocal_rank(search_ids, expected))
    
        per_mode = {
            mode: {
                "recall_at_1": mean(scores[mode][1]),
                "recall_at_3": mean(scores[mode][3]),
                "recall_at_5": mean(scores[mode][5]),
                "mrr": mean(rr[mode]),
            }
            for mode in modes
        }
        search_only_non_multihop = {
            "recall_at_1": mean(non_mh_scores[1]),
            "recall_at_3": mean(non_mh_scores[3]),
            "recall_at_5": mean(non_mh_scores[5]),
            "mrr": mean(non_mh_rr),
        }
    
        metrics = {
            "retrieval": {
                "questions": len(QUESTIONS),
                "search_only": per_mode["search_only"],
                "tool_assisted": per_mode["tool_assisted"],
                "search_only_non_multihop": search_only_non_multihop,
                "search_mode": status["mode"],
                "recall_at_5": per_mode["tool_assisted"]["recall_at_5"],
                "mrr": per_mode["tool_assisted"]["mrr"],
                "misses": misses,
            }
        }
    
        out_path = Path(os.environ.get("FINOS_MCP_METRICS_OUT") or "retrieval.json")
        out_path.write_text(json.dumps(metrics, indent=2, sort_keys=True) + "\n", encoding="utf-8")
    
        search_misses = [m for m in misses if m["mode"] == "search_only"]
        tool_misses = [m for m in misses if m["mode"] == "tool_assisted"]
        non_mh_search_misses = [m for m in search_misses if m["kind"] != "multihop"]
    
        # Pure-lexical floor: holds whether or not the semantic extra is active.
        assert (
            search_only_non_multihop["recall_at_5"] >= RECALL_AT_5_SEARCH_ONLY_NON_MULTIHOP_LEXICAL_MIN
        ), (
            f"search-only non-multihop recall@5 {search_only_non_multihop['recall_at_5']:.3f} < "
            f"{RECALL_AT_5_SEARCH_ONLY_NON_MULTIHOP_LEXICAL_MIN}; misses:\n"
            + "\n".join(
                f"  {m['id']} ({m['kind']}) expected={m['expected']} top5={m['top5']}"
                for m in non_mh_search_misses
            )
        )
>       assert per_mode["tool_assisted"]["recall_at_5"] >= RECALL_AT_5_TOOL_ASSISTED_MIN, (
            f"tool-assisted recall@5 {per_mode['tool_assisted']['recall_at_5']:.3f} < "
            f"{RECALL_AT_5_TOOL_ASSISTED_MIN}; misses:\n"
            + "\n".join(
                f"  {m['id']} ({m['kind']}) expected={m['expected']} top5={m['top5']}"
                for m in tool_misses
            )
        )
E       AssertionError: tool-assisted recall@5 0.843 < 0.9; misses:
E           q02 (direct) expected=['AIR-OP-014'] top5=['AIR-PREV-007', 'AIR-SEC-010', 'AIR-PREV-017', 'AIR-DET-016', 'AIR-PREV-006']
E           q14 (direct) expected=['AIR-PREV-018'] top5=['AIR-PREV-012', 'AIR-SEC-010', 'AIR-PREV-017', 'AIR-DET-009', 'AIR-PREV-007']
E           q21 (concept) expected=['AIR-OP-005'] top5=['AIR-OP-006', 'AIR-SEC-008', 'AIR-OP-017', 'AIR-DET-015', 'AIR-SEC-010']
E           q23 (concept) expected=['AIR-OP-007'] top5=['AIR-DET-009', 'AIR-SEC-029', 'AIR-RC-023', 'AIR-SEC-025', 'AIR-PREV-007']
E           q24 (concept) expected=['AIR-RC-001'] top5=['AIR-PREV-017', 'AIR-OP-018', 'AIR-RC-023', 'AIR-SEC-010', 'AIR-PREV-002']
E           q25 (concept) expected=['AIR-SEC-009'] top5=['AIR-OP-016', 'AIR-OP-028', 'AIR-RC-022', 'AIR-OP-004', 'AIR-PREV-014']
E           q26 (concept) expected=['AIR-SEC-002'] top5=['AIR-OP-006', 'AIR-PREV-002', 'AIR-PREV-014', 'AIR-DET-013', 'AIR-PREV-017']
E           q46 (multihop) expected=['AIR-PREV-002', 'AIR-PREV-006', 'AIR-PREV-007', 'AIR-PREV-012'] top5=['AIR-PREV-006', 'AIR-PREV-007', 'AIR-PREV-003', 'AIR-PREV-012', 'AIR-PREV-017']
E           q47 (multihop) expected=['AIR-PREV-003', 'AIR-PREV-007', 'AIR-PREV-008', 'AIR-PREV-017'] top5=['AIR-PREV-003', 'AIR-PREV-007', 'AIR-PREV-017', 'AIR-PREV-002', 'AIR-PREV-006']
E           q50 (multihop) expected=['AIR-DET-013', 'AIR-DET-016', 'AIR-DET-021'] top5=['AIR-DET-004', 'AIR-DET-011', 'AIR-DET-013', 'AIR-DET-015', 'AIR-DET-016']
E       assert 0.8433333333333334 >= 0.9

evals\retrieval\test_retrieval.py:327: AssertionError
---------------------------- Captured stderr setup ----------------------------
\rFetching 10 files:   0%|          | 0/10 [00:00<?, ?it/s]\rFetching 10 files: 100%|\u2588\u2588\u2588\u2588\u2588\u2588\u2588\u2588\u2588\u2588| 10/10 [00:00<00:00, 2084.96it/s]\n{"ts": "2026-09-05T01:18:44.690+00:00", "server": "finos-mcp-aigf", "method": "server/discover", "request_id": 1, "session": "local", "outcome": "ok", "duration_ms": 0.348}
----------------------------- Captured log setup ------------------------------
DEBUG    bm25s:__init__.py:529 Building index from IDs objects
DEBUG    bm25s:__init__.py:529 Building index from IDs objects
DEBUG    bm25s:__init__.py:529 Building index from IDs objects
---------------------------- Captured stderr call -----------------------------
{"ts": "2026-09-05T01:18:44.697+00:00", "server": "finos-mcp-aigf", "method": "tools/call", "request_id": 2, "session": "local", "tool": "search_status", "args_bytes": 2, "args_sha256": "44136fa355b3678a1146ad16f7e8649e94fb4fc21fe77e8310c060f61caaff8a", "result_bytes": 514, "outcome": "ok", "duration_ms": 3.573}
{"ts": "2026-09-05T01:18:44.699+00:00", "server": "finos-mcp-aigf", "method": "tools/list", "request_id": 3, "session": "local", "outcome": "ok", "duration_ms": 2.126}
{"ts": "2026-09-05T01:18:44.713+00:00", "server": "finos-mcp-aigf", "method": "tools/call", "request_id": 4, "session": "local", "tool": "search_framework", "args_bytes": 172, "args_sha256": "24092e76367f8f667660aa16f2f8dd067247c2cbfa4862c1314fdc2274752c57", "result_bytes": 9626, "outcome": "ok", "duration_ms": 6.754}
{"ts": "2026-09-05T01:18:44.742+00:00", "server": "finos-mcp-aigf", "method": "tools/call", "request_id": 5, "session": "local", "tool": "search_framework", "args_bytes": 156, "args_sha256": "74ea4994d3f0f328bfbdc064a52e25acc0147209d860edf643d3b8d5783c0f1a", "result_bytes": 9924, "outcome": "ok", "duration_ms": 6.221}
{"ts": "2026-09-05T01:18:44.748+00:00", "server": "finos-mcp-aigf", "method": "tools/call", "request_id": 6, "session": "local", "tool": "search_framework", "args_bytes": 131, "args_sha256": "2a2218e336a3b22265598666566a318f65f14a507dca9cfcaf749eb62b8673c2", "result_bytes": 9578, "outcome": "ok", "duration_ms": 5.552}
{"ts": "2026-09-05T01:18:44.755+00:00", "server": "finos-mcp-aigf", "method": "tools/call", "request_id": 7, "session": "local", "tool": "search_framework", "args_bytes": 133, "args_sha256": "9c06a7f381c41feee67020f1884e9ac8e944da144d411e4bd8b534d908c6f6a6", "result_bytes": 10032, "outcome": "ok", "duration_ms": 4.311}
{"ts": "2026-09-05T01:18:44.762+00:00", "server": "finos-mcp-aigf", "method": "tools/call", "request_id": 8, "session": "local", "tool": "search_framework", "args_bytes": 149, "args_sha256": "c92ee942f4f529a72bdf2dfd926babf928547564e207bd8a3319ce9cd105cadc", "result_bytes": 10046, "outcome": "ok", "duration_ms": 5.961}
{"ts": "2026-09-05T01:18:44.769+00:00", "server": "finos-mcp-aigf", "method": "tools/call", "request_id": 9, "session": "local", "tool": "search_framework", "args_bytes": 133, "args_sha256": "1af4bbc3fe914d8d0dcdf47e797b415f346d9ee8c0b8dfc94daed0b9f61f43b7", "result_bytes": 9736, "outcome": "ok", "duration_ms": 4.315}
{"ts": "2026-09-05T01:18:44.779+00:00", "server": "finos-mcp-aigf", "method": "tools/call", "request_id": 10, "session": "local", "tool": "search_framework", "args_bytes": 138, "args_sha256": "2eca86f4a409966f4191bafbfaebc88d2bb202caffdebf93921369fcbf05818b", "result_bytes": 9620, "outcome": "ok", "duration_ms": 6.491}
{"ts": "2026-09-05T01:18:44.785+00:00", "server": "finos-mcp-aigf", "method": "tools/call", "request_id": 11, "session": "local", "tool": "search_framework", "args_bytes": 136, "args_sha256": "153da9b58995d09008a3e4144dca96adb9ada5f4af974bb63c0a27a526fcc0d6", "result_bytes": 10178, "outcome": "ok", "duration_ms": 4.685}
{"ts": "2026-09-05T01:18:44.792+00:00", "server": "finos-mcp-aigf", "method": "tools/call", "request_id": 12, "session": "local", "tool": "search_framework", "args_bytes": 142, "args_sha256": "11966c4fde85d6cb909cfc561339b199d214f5c4fdc835c3b397c05ea39756d6", "result_bytes": 9946, "outcome": "ok", "duration_ms": 3.973}
{"ts": "2026-09-05T01:18:44.800+00:00", "server": "finos-mcp-aigf", "method": "tools/call", "request_id": 13, "session": "local", "tool": "search_framework", "args_bytes": 138, "args_sha256": "a3896492233fe567c7e5f0debedeb18109a831d5d1331327597b868e0efb65fd", "result_bytes": 9826, "outcome": "ok", "duration_ms": 5.107}
{"ts": "2026-09-05T01:18:44.808+00:00", "server": "finos-mcp-aigf", "method": "tools/call", "request_id": 14, "session": "local", "tool": "search_framework", "args_bytes": 154, "args_sha256": "b605c3631e6bef88e6f9fa9f3933527d968371d48e1541f75ca2ac7a69025690", "result_bytes": 9946, "outcome": "ok", "duration_ms": 6.343}
{"ts": "2026-09-05T01:18:44.816+00:00", "server": "finos-mcp-aigf", "method": "tools/call", "request_id": 15, "session": "local", "tool": "search_framework", "args_bytes": 129, "args_sha256": "207494101b7f2c5c2a61f10821472792597430af2149ad125ca3ca141748e8f9", "result_bytes": 9874, "outcome": "ok", "duration_ms": 5.512}
{"ts": "2026-09-05T01:18:44.824+00:00", "server": "finos-mcp-aigf", "method": "tools/call", "request_id": 16, "session": "local", "tool": "search_framework", "args_bytes": 134, "args_sha256": "70bacdd01acfe0cf64358befab44a4c505adb19eef77a1d3b1fa8964e541e36c", "result_bytes": 9930, "outcome": "ok", "duration_ms": 5.338}
{"ts": "2026-09-05T01:18:44.829+00:00", "server": "finos-mcp-aigf", "method": "tools/call", "request_id": 17, "session": "local", "tool": "search_framework", "args_bytes": 131, "args_sha256": "f7abd59e3251ca92f3964c1f7f3ba4374cd4737e2a480776144dd0b99f41a041", "result_bytes": 10210, "outcome": "ok", "duration_ms": 4.281}
{"ts": "2026-09-05T01:18:44.836+00:00", "server": "finos-mcp-aigf", "method": "tools/call", "request_id": 18, "session": "local", "tool": "search_framework", "args_bytes": 152, "args_sha256": "45417ee5b46934b1b92c8e2a2cf0b306fd658036c39bb170e66c3c6d4ebf0c65", "result_bytes": 10254, "outcome": "ok", "duration_ms": 4.824}
{"ts": "2026-09-05T01:18:44.844+00:00", "server": "finos-mcp-aigf", "method": "tools/call", "request_id": 19, "session": "local", "tool": "search_framework", "args_bytes": 185, "args_sha256": "5df92c565f9883f9e49e879afd8ea61de29fcca44898bda0a46718582e61914a", "result_bytes": 10186, "outcome": "ok", "duration_ms": 5.063}
{"ts": "2026-09-05T01:18:44.851+00:00", "server": "finos-mcp-aigf", "method": "tools/call", "request_id": 20, "session": "local", "tool": "search_framework", "args_bytes": 188, "args_sha256": "8e8c762151e860e23fdf622e4a2298d77a04eed368a519dd51a73a91864a1d06", "result_bytes": 10028, "outcome": "ok", "duration_ms": 4.707}
{"ts": "2026-09-05T01:18:44.860+00:00", "server": "finos-mcp-aigf", "method": "tools/call", "request_id": 21, "session": "local", "tool": "search_framework", "args_bytes": 220, "args_sha256": "99e2163c9b4ff31827ec59713a82f9652625f533ec8655ff7cdc2888969bc9f3", "result_bytes": 10028, "outcome": "ok", "duration_ms": 5.492}
{"ts": "2026-09-05T01:18:44.864+00:00", "server": "finos-mcp-aigf", "method": "tools/call", "request_id": 22, "session": "local", "tool": "search_framework", "args_bytes": 136, "args_sha256": "feece49314230f6b7d8828634c3bf289446d78e52e379222b1fbdd86e16d5c9d", "result_bytes": 10398, "outcome": "ok", "duration_ms": 3.87}
{"ts": "2026-09-05T01:18:44.872+00:00", "server": "finos-mcp-aigf", "method": "tools/call", "request_id": 23, "session": "local", "tool": "search_framework", "args_bytes": 163, "args_sha256": "60cdc6fb28d2bcb04dadc175ec94fabae00c91ac03ea48a65956786b9edd7f0d", "result_bytes": 9900, "outcome": "ok", "duration_ms": 4.626}
{"ts": "2026-09-05T01:18:44.872+00:00", "server": "finos-mcp-aigf", "method": "tools/call", "request_id": 24, "session": "local", "tool": "search_framework", "args_bytes": 176, "args_sha256": "3b861fe0ea888147f1e48e87c23965a18b10fd18cfe49f76a2857912398574b7", "outcome": "rate_limited", "duration_ms": 0.05}
{"ts": "2026-09-05T01:18:45.240+00:00", "server": "finos-mcp-aigf", "method": "tools/call", "request_id": 25, "session": "local", "tool": "search_framework", "args_bytes": 176, "args_sha256": "3b861fe0ea888147f1e48e87c23965a18b10fd18cfe49f76a2857912398574b7", "result_bytes": 9860, "outcome": "ok", "duration_ms": 7.454}
{"ts": "2026-09-05T01:18:45.243+00:00", "server": "finos-mcp-aigf", "method": "tools/call", "request_id": 26, "session": "local", "tool": "search_framework", "args_bytes": 130, "args_sha256": "15293ea05fb280f795bea898523fc55cc015357e2d32141e1651c4c380ad1b41", "outcome": "rate_limited", "duration_ms": 0.049}
{"ts": "2026-09-05T01:18:45.746+00:00", "server": "finos-mcp-aigf", "method": "tools/call", "request_id": 27, "session": "local", "tool": "search_framework", "args_bytes": 130, "args_sha256": "15293ea05fb280f795bea898523fc55cc015357e2d32141e1651c4c380ad1b41", "result_bytes": 10022, "outcome": "ok", "duration_ms": 5.08}
{"ts": "2026-09-05T01:18:45.749+00:00", "server": "finos-mcp-aigf", "method": "tools/call", "request_id": 28, "session": "local", "tool": "search_framework", "args_bytes": 149, "args_sha256": "19b8d7dae7de1471d3a0e2a2256940592a28d3a4399de67d2cfd973855fd9db6", "outcome": "rate_limited", "duration_ms": 0.038}
{"ts": "2026-09-05T01:18:46.240+00:00", "server": "finos-mcp-aigf", "method": "tools/call", "request_id": 29, "session": "local", "tool": "search_framework", "args_bytes": 149, "args_sha256": "19b8d7dae7de1471d3a0e2a2256940592a28d3a4399de67d2cfd973855fd9db6", "result_bytes": 9834, "outcome": "ok", "duration_ms": 6.62}
{"ts": "2026-09-05T01:18:46.240+00:00", "server": "finos-mcp-aigf", "method": "tools/call", "request_id": 30, "session": "local", "tool": "search_framework", "args_bytes": 142, "args_sha256": "1986dc21bb6a28f3edfdabb92ba3dbca884d18d235e015bfc1d116ecf4f65072", "outcome": "rate_limited", "duration_ms": 0.048}
{"ts": "2026-09-05T01:18:46.745+00:00", "server": "finos-mcp-aigf", "method": "tools/call", "request_id": 31, "session": "local", "tool": "search_framework", "args_bytes": 142, "args_sha256": "1986dc21bb6a28f3edfdabb92ba3dbca884d18d235e015bfc1d116ecf4f65072", "result_bytes": 10078, "outcome": "ok", "duration_ms": 4.848}
{"ts": "2026-09-05T01:18:46.747+00:00", "server": "finos-mcp-aigf", "method": "tools/call", "request_id": 32, "session": "local", "tool": "search_framework", "args_bytes": 175, "args_sha256": "728b880505566f7c1bb1c040da9af904fccb17bc0c7ce624aa7ce72e9a96dd79", "outcome": "rate_limited", "duration_ms": 0.039}
{"ts": "2026-09-05T01:18:47.234+00:00", "server": "finos-mcp-aigf", "method": "tools/call", "request_id": 33, "session": "local", "tool": "search_framework", "args_bytes": 175, "args_sha256": "728b880505566f7c1bb1c040da9af904fccb17bc0c7ce624aa7ce72e9a96dd79", "result_bytes": 10052, "outcome": "ok", "duration_ms": 6.3}
{"ts": "2026-09-05T01:18:47.238+00:00", "server": "finos-mcp-aigf", "method": "tools/call", "request_id": 34, "session": "local", "tool": "search_framework", "args_bytes": 160, "args_sha256": "1d5c3f75534f322b48126a241d5b34a4c51580e87d36e57dfbafb229e6e1ab40", "outcome": "rate_limited", "duration_ms": 0.058}
{"ts": "2026-09-05T01:18:47.738+00:00", "server": "finos-mcp-aigf", "method": "tools/call", "request_id": 35, "session": "local", "tool": "search_framework", "args_bytes": 160, "args_sha256": "1d5c3f75534f322b48126a241d5b34a4c51580e87d36e57dfbafb229e6e1ab40", "result_bytes": 10282, "outcome": "ok", "duration_ms": 5.233}
{"ts": "2026-09-05T01:18:47.741+00:00", "server": "finos-mcp-aigf", "method": "tools/call", "request_id": 36, "session": "local", "tool": "search_framework", "args_bytes": 175, "args_sha256": "cd1e6400d93c191abb3a6d1252f6e1d9f92ef18646f646131121fdc1440ba1ff", "outcome": "rate_limited", "duration_ms": 0.051}
{"ts": "2026-09-05T01:18:48.238+00:00", "server": "finos-mcp-aigf", "method": "tools/call", "request_id": 37, "session": "local", "tool": "search_framework", "args_bytes": 175, "args_sha256": "cd1e6400d93c191abb3a6d1252f6e1d9f92ef18646f646131121fdc1440ba1ff", "result_bytes": 10010, "outcome": "ok", "duration_ms": 5.706}
{"ts": "2026-09-05T01:18:48.247+00:00", "server": "finos-mcp-aigf", "method": "tools/call", "request_id": 38, "session": "local", "tool": "search_framework", "args_bytes": 156, "args_sha256": "8989e669da2a086be3349351c8517d1c6aa322f4eb22e29dd9f52aea3bea6d1c", "outcome": "rate_limited", "duration_ms": 0.047}
{"ts": "2026-09-05T01:18:48.736+00:00", "server": "finos-mcp-aigf", "method": "tools/call", "request_id": 39, "session": "local", "tool": "search_framework", "args_bytes": 156, "args_sha256": "8989e669da2a086be3349351c8517d1c6aa322f4eb22e29dd9f52aea3bea6d1c", "result_bytes": 9978, "outcome": "ok", "duration_ms": 5.165}
{"ts": "2026-09-05T01:18:48.736+00:00", "server": "finos-mcp-aigf", "method": "tools/call", "request_id": 40, "session": "local", "tool": "search_framework", "args_bytes": 152, "args_sha256": "cb54cccfbbd005cda6257e61c3388eb264461649cd931da4f7082f75c7028629", "outcome": "rate_limited", "duration_ms": 0.038}
{"ts": "2026-09-05T01:18:49.238+00:00", "server": "finos-mcp-aigf", "method": "tools/call", "request_id": 41, "session": "local", "tool": "search_framework", "args_bytes": 152, "args_sha256": "cb54cccfbbd005cda6257e61c3388eb264461649cd931da4f7082f75c7028629", "result_bytes": 10404, "outcome": "ok", "duration_ms": 5.028}
{"ts": "2026-09-05T01:18:49.240+00:00", "server": "finos-mcp-aigf", "method": "tools/call", "request_id": 42, "session": "local", "tool": "search_framework", "args_bytes": 143, "args_sha256": "bd8924c1db30e868604a3069a833b01fefc5d0af678a87e2a8a86ddd73159454", "outcome": "rate_limited", "duration_ms": 0.04}
{"ts": "2026-09-05T01:18:49.744+00:00", "server": "finos-mcp-aigf", "method": "tools/call", "request_id": 43, "session": "local", "tool": "search_framework", "args_bytes": 143, "args_sha256": "bd8924c1db30e868604a3069a833b01fefc5d0af678a87e2a8a86ddd73159454", "result_bytes": 9980, "outcome": "ok", "duration_ms": 5.421}
{"ts": "2026-09-05T01:18:49.744+00:00", "server": "finos-mcp-aigf", "method": "tools/call", "request_id": 44, "session": "local", "tool": "search_framework", "args_bytes": 118, "args_sha256": "8a9d66e6e8692e69c03a65111697ea2a221c68aedd4d5af35c753cfba6176f59", "outcome": "rate_limited", "duration_ms": 0.038}
{"ts": "2026-09-05T01:18:50.237+00:00", "server": "finos-mcp-aigf", "method": "tools/call", "request_id": 45, "session": "local", "tool": "search_framework", "args_bytes": 118, "args_sha256": "8a9d66e6e8692e69c03a65111697ea2a221c68aedd4d5af35c753cfba6176f59", "result_bytes": 9752, "outcome": "ok", "duration_ms": 4.698}
{"ts": "2026-09-05T01:18:50.243+00:00", "server": "finos-mcp-aigf", "method": "tools/call", "request_id": 46, "session": "local", "tool": "find_by_external_reference", "args_bytes": 45, "args_sha256": "e7a877edbba141fc60be71997f0724fb744fa349648023ffb8b41b3272debacf", "result_bytes": 2576, "outcome": "ok", "duration_ms": 1.315}
{"ts": "2026-09-05T01:18:50.253+00:00", "server": "finos-mcp-aigf", "method": "tools/call", "request_id": 47, "session": "local", "tool": "search_framework", "args_bytes": 98, "args_sha256": "b766f85333d0e0debfdb1bf11badaa91db0424e85618239a3256203b8cc72b1b", "outcome": "rate_limited", "duration_ms": 0.041}
{"ts": "2026-09-05T01:18:50.730+00:00", "server": "finos-mcp-aigf", "method": "tools/call", "request_id": 48, "session": "local", "tool": "search_framework", "args_bytes": 98, "args_sha256": "b766f85333d0e0debfdb1bf11badaa91db0424e85618239a3256203b8cc72b1b", "result_bytes": 9470, "outcome": "ok", "duration_ms": 4.563}
{"ts": "2026-09-05T01:18:50.732+00:00", "server": "finos-mcp-aigf", "method": "tools/call", "request_id": 49, "session": "local", "tool": "find_by_external_reference", "args_bytes": 44, "args_sha256": "8d96af0aa55cf5183a78f68c36dda78cb7e474bcb8d9cc354c4bd3214094a13e", "result_bytes": 875, "outcome": "ok", "duration_ms": 0.852}
{"ts": "2026-09-05T01:18:50.734+00:00", "server": "finos-mcp-aigf", "method": "tools/call", "request_id": 50, "session": "local", "tool": "search_framework", "args_bytes": 108, "args_sha256": "4ae03e0f1920395b85569862f98a749b1c9d8e64ccfcbf777368bee9a904e2f2", "outcome": "rate_limited", "duration_ms": 0.03}
{"ts": "2026-09-05T01:18:51.233+00:00", "server": "finos-mcp-aigf", "method": "tools/call", "request_id": 51, "session": "local", "tool": "search_framework", "args_bytes": 108, "args_sha256": "4ae03e0f1920395b85569862f98a749b1c9d8e64ccfcbf777368bee9a904e2f2", "result_bytes": 9728, "outcome": "ok", "duration_ms": 4.109}
{"ts": "2026-09-05T01:18:51.235+00:00", "server": "finos-mcp-aigf", "method": "tools/call", "request_id": 52, "session": "local", "tool": "find_by_external_reference", "args_bytes": 44, "args_sha256": "fa70350eeaf65693835f09b36e5bfff6a83c1b471986dbbdf91ef1aae34f0e07", "result_bytes": 913, "outcome": "ok", "duration_ms": 0.994}
{"ts": "2026-09-05T01:18:51.238+00:00", "server": "finos-mcp-aigf", "method": "tools/call", "request_id": 53, "session": "local", "tool": "search_framework", "args_bytes": 141, "args_sha256": "7b74e607a079c6d62b4d10a9ab8ca17bc055e9fd60b2964bcb42957eda4b57e0", "outcome": "rate_limited", "duration_ms": 0.035}
{"ts": "2026-09-05T01:18:51.747+00:00", "server": "finos-mcp-aigf", "method": "tools/call", "request_id": 54, "session": "local", "tool": "search_framework", "args_bytes": 141, "args_sha256": "7b74e607a079c6d62b4d10a9ab8ca17bc055e9fd60b2964bcb42957eda4b57e0", "result_bytes": 9634, "outcome": "ok", "duration_ms": 5.774}
{"ts": "2026-09-05T01:18:51.751+00:00", "server": "finos-mcp-aigf", "method": "tools/call", "request_id": 55, "session": "local", "tool": "find_by_external_reference", "args_bytes": 44, "args_sha256": "137af6e48218f200d2e7815388fa4a454f5255c670510554d22bff9c47dccdee", "result_bytes": 915, "outcome": "ok", "duration_ms": 0.95}
{"ts": "2026-09-05T01:18:51.751+00:00", "server": "finos-mcp-aigf", "method": "tools/call", "request_id": 56, "session": "local", "tool": "search_framework", "args_bytes": 122, "args_sha256": "c672011bf5fc84915b2298200be3bbf038980b1d90612529767fb7c8fb2934aa", "outcome": "rate_limited", "duration_ms": 0.035}
{"ts": "2026-09-05T01:18:52.233+00:00", "server": "finos-mcp-aigf", "method": "tools/call", "request_id": 57, "session": "local", "tool": "search_framework", "args_bytes": 122, "args_sha256": "c672011bf5fc84915b2298200be3bbf038980b1d90612529767fb7c8fb2934aa", "result_bytes": 9768, "outcome": "ok", "duration_ms": 3.948}
{"ts": "2026-09-05T01:18:52.238+00:00", "server": "finos-mcp-aigf", "method": "tools/call", "request_id": 58, "session": "local", "tool": "find_by_external_reference", "args_bytes": 41, "args_sha256": "25df0ce53c4927fe807cbbeab57613478b52698b19afd5462346c08e46d7f542", "result_bytes": 863, "outcome": "ok", "duration_ms": 0.902}
{"ts": "2026-09-05T01:18:52.238+00:00", "server": "finos-mcp-aigf", "method": "tools/call", "request_id": 59, "session": "local", "tool": "search_framework", "args_bytes": 116, "args_sha256": "b37feacf006c1846349b19345d87c5bb3c5ae24d24ffe2680d45582d25e09554", "outcome": "rate_limited", "duration_ms": 0.035}
{"ts": "2026-09-05T01:18:52.740+00:00", "server": "finos-mcp-aigf", "method": "tools/call", "request_id": 60, "session": "local", "tool": "search_framework", "args_bytes": 116, "args_sha256": "b37feacf006c1846349b19345d87c5bb3c5ae24d24ffe2680d45582d25e09554", "result_bytes": 9978, "outcome": "ok", "duration_ms": 4.309}
{"ts": "2026-09-05T01:18:52.742+00:00", "server": "finos-mcp-aigf", "method": "tools/call", "request_id": 61, "session": "local", "tool": "find_by_external_reference", "args_bytes": 39, "args_sha256": "8c6c5471cb6519bf59f7109b5b1606d2e9617399dfe6c60b84c842cad2ec49ac", "result_bytes": 911, "outcome": "ok", "duration_ms": 0.823}
{"ts": "2026-09-05T01:18:52.742+00:00", "server": "finos-mcp-aigf", "method": "tools/call", "request_id": 62, "session": "local", "tool": "search_framework", "args_bytes": 108, "args_sha256": "f7295c07b291ad5bd8aa2710fd97b9f3b466bd509cc170a13fdae754a0094d83", "outcome": "rate_limited", "duration_ms": 0.03}
{"ts": "2026-09-05T01:18:53.247+00:00", "server": "finos-mcp-aigf", "method": "tools/call", "request_id": 63, "session": "local", "tool": "search_framework", "args_bytes": 108, "args_sha256": "f7295c07b291ad5bd8aa2710fd97b9f3b466bd509cc170a13fdae754a0094d83", "result_bytes": 9382, "outcome": "ok", "duration_ms": 4.805}
{"ts": "2026-09-05T01:18:53.247+00:00", "server": "finos-mcp-aigf", "method": "tools/call", "request_id": 64, "session": "local", "tool": "find_by_external_reference", "args_bytes": 43, "args_sha256": "afe927599029bb1156ba63705fb2333bfd09233c014a037f9d4918505d104adb", "result_bytes": 899, "outcome": "ok", "duration_ms": 0.782}
{"ts": "2026-09-05T01:18:53.247+00:00", "server": "finos-mcp-aigf", "method": "tools/call", "request_id": 65, "session": "local", "tool": "search_framework", "args_bytes": 137, "args_sha256": "2b2b435c9939fa075cf7cdd6efd309797981a5f0c87b20cbcc37a0e3781f84f2", "outcome": "rate_limited", "duration_ms": 0.028}
{"ts": "2026-09-05T01:18:53.725+00:00", "server": "finos-mcp-aigf", "method": "tools/call", "request_id": 66, "session": "local", "tool": "search_framework", "args_bytes": 137, "args_sha256": "2b2b435c9939fa075cf7cdd6efd309797981a5f0c87b20cbcc37a0e3781f84f2", "result_bytes": 9440, "outcome": "ok", "duration_ms": 4.993}
{"ts": "2026-09-05T01:18:53.727+00:00", "server": "finos-mcp-aigf", "method": "tools/call", "request_id": 67, "session": "local", "tool": "find_by_external_reference", "args_bytes": 42, "args_sha256": "2b7b42ac50e16afeb27c9e11e84acb1f4654842527394275cc07ce79fada0842", "result_bytes": 1492, "outcome": "ok", "duration_ms": 0.749}
{"ts": "2026-09-05T01:18:53.727+00:00", "server": "finos-mcp-aigf", "method": "tools/call", "request_id": 68, "session": "local", "tool": "search_framework", "args_bytes": 136, "args_sha256": "95bfd022e5b2ee621d08e3a69833902abbfcc6dd127712c76e9cd82dee403bbf", "outcome": "rate_limited", "duration_ms": 0.028}
{"ts": "2026-09-05T01:18:54.242+00:00", "server": "finos-mcp-aigf", "method": "tools/call", "request_id": 69, "session": "local", "tool": "search_framework", "args_bytes": 136, "args_sha256": "95bfd022e5b2ee621d08e3a69833902abbfcc6dd127712c76e9cd82dee403bbf", "result_bytes": 9666, "outcome": "ok", "duration_ms": 3.696}
{"ts": "2026-09-05T01:18:54.242+00:00", "server": "finos-mcp-aigf", "method": "tools/call", "request_id": 70, "session": "local", "tool": "find_by_external_reference", "args_bytes": 46, "args_sha256": "6123c45d8cad439258062673995eb639eea77a57b18f5aefac3c28c5bfcf023b", "result_bytes": 927, "outcome": "ok", "duration_ms": 0.799}
{"ts": "2026-09-05T01:18:54.246+00:00", "server": "finos-mcp-aigf", "method": "tools/call", "request_id": 71, "session": "local", "tool": "search_framework", "args_bytes": 128, "args_sha256": "83cba89967b6abd3a385492b953fd9026bf249d500c29982deaa18eb62a55d6a", "outcome": "rate_limited", "duration_ms": 0.03}
{"ts": "2026-09-05T01:18:54.729+00:00", "server": "finos-mcp-aigf", "method": "tools/call", "request_id": 72, "session": "local", "tool": "search_framework", "args_bytes": 128, "args_sha256": "83cba89967b6abd3a385492b953fd9026bf249d500c29982deaa18eb62a55d6a", "result_bytes": 9380, "outcome": "ok", "duration_ms": 5.253}
{"ts": "2026-09-05T01:18:54.736+00:00", "server": "finos-mcp-aigf", "method": "tools/call", "request_id": 73, "session": "local", "tool": "find_by_external_reference", "args_bytes": 54, "args_sha256": "e46b6625ac42006927ba090c6cfc6562e0598a0c33d113726dac68dfa2313ddd", "result_bytes": 931, "outcome": "ok", "duration_ms": 0.87}
{"ts": "2026-09-05T01:18:54.736+00:00", "server": "finos-mcp-aigf", "method": "tools/call", "request_id": 74, "session": "local", "tool": "search_framework", "args_bytes": 212, "args_sha256": "2b528eee09d4184459a7363ef90a92773939455b47f5f4820124035955c6267c", "outcome": "rate_limited", "duration_ms": 0.029}
{"ts": "2026-09-05T01:18:55.241+00:00", "server": "finos-mcp-aigf", "method": "tools/call", "request_id": 75, "session": "local", "tool": "search_framework", "args_bytes": 212, "args_sha256": "2b528eee09d4184459a7363ef90a92773939455b47f5f4820124035955c6267c", "result_bytes": 9912, "outcome": "ok", "duration_ms": 4.723}
{"ts": "2026-09-05T01:18:55.246+00:00", "server": "finos-mcp-aigf", "method": "tools/call", "request_id": 76, "session": "local", "tool": "map_risks_to_controls", "args_bytes": 197, "args_sha256": "52eef45ac6d8f90f992cdb0f91cf995be47c92d9bafacc2841c27fd437ecfdab", "result_bytes": 3786, "outcome": "ok", "duration_ms": 2.45}
{"ts": "2026-09-05T01:18:55.257+00:00", "server": "finos-mcp-aigf", "method": "tools/call", "request_id": 77, "session": "local", "tool": "map_risks_to_controls", "args_bytes": 160, "args_sha256": "7d86fc5faf5dde977080da98add229215cf1642c31b889f5bd04e110fc820068", "result_bytes": 3786, "outcome": "ok", "duration_ms": 2.116}
{"ts": "2026-09-05T01:18:55.257+00:00", "server": "finos-mcp-aigf", "method": "tools/call", "request_id": 78, "session": "local", "tool": "search_framework", "args_bytes": 167, "args_sha256": "ee8a86c8af7a48a21676120e16a3002fd27656c9a1cf98765f062321fac15916", "outcome": "rate_limited", "duration_ms": 0.03}
{"ts": "2026-09-05T01:18:55.733+00:00", "server": "finos-mcp-aigf", "method": "tools/call", "request_id": 79, "session": "local", "tool": "search_framework", "args_bytes": 167, "args_sha256": "ee8a86c8af7a48a21676120e16a3002fd27656c9a1cf98765f062321fac15916", "result_bytes": 9766, "outcome": "ok", "duration_ms": 4.987}
{"ts": "2026-09-05T01:18:55.740+00:00", "server": "finos-mcp-aigf", "method": "tools/call", "request_id": 80, "session": "local", "tool": "map_risks_to_controls", "args_bytes": 152, "args_sha256": "3e4c5c336260b5872fd713227f3a622a9709a242b18878a8dfd262ceaf30d5f4", "result_bytes": 4926, "outcome": "ok", "duration_ms": 2.155}
{"ts": "2026-09-05T01:18:55.745+00:00", "server": "finos-mcp-aigf", "method": "tools/call", "request_id": 81, "session": "local", "tool": "map_risks_to_controls", "args_bytes": 127, "args_sha256": "36e4b06385ccbad8be5aeb3f170863c83e5389d9640b68df162e9dee568ef200", "result_bytes": 7898, "outcome": "ok", "duration_ms": 3.868}
{"ts": "2026-09-05T01:18:55.749+00:00", "server": "finos-mcp-aigf", "method": "tools/call", "request_id": 82, "session": "local", "tool": "search_framework", "args_bytes": 183, "args_sha256": "daf4557daa2b9018db072045faa3f626379c45a0d456b1d40eef38a6e9bf7c65", "outcome": "rate_limited", "duration_ms": 0.03}
{"ts": "2026-09-05T01:18:56.227+00:00", "server": "finos-mcp-aigf", "method": "tools/call", "request_id": 83, "session": "local", "tool": "search_framework", "args_bytes": 183, "args_sha256": "daf4557daa2b9018db072045faa3f626379c45a0d456b1d40eef38a6e9bf7c65", "result_bytes": 7976, "outcome": "ok", "duration_ms": 4.333}
{"ts": "2026-09-05T01:18:56.229+00:00", "server": "finos-mcp-aigf", "method": "tools/call", "request_id": 84, "session": "local", "tool": "map_risks_to_controls", "args_bytes": 189, "args_sha256": "a26564c61c9a033dad58f09686353f12398f8a4a696b657886947407bbcb2c17", "result_bytes": 3174, "outcome": "ok", "duration_ms": 2.339}
{"ts": "2026-09-05T01:18:56.234+00:00", "server": "finos-mcp-aigf", "method": "tools/call", "request_id": 85, "session": "local", "tool": "map_risks_to_controls", "args_bytes": 192, "args_sha256": "f79faad8c8dfe368c51280b133791025cb91d09b67d0e28d53e61ae7f78efbf7", "result_bytes": 2470, "outcome": "ok", "duration_ms": 1.998}
{"ts": "2026-09-05T01:18:56.234+00:00", "server": "finos-mcp-aigf", "method": "tools/call", "request_id": 86, "session": "local", "tool": "search_framework", "args_bytes": 203, "args_sha256": "ecfe9591d6ab194d95b2356469968880a197f6149af1fa42506d9e343ad2372e", "outcome": "rate_limited", "duration_ms": 0.028}
{"ts": "2026-09-05T01:18:56.734+00:00", "server": "finos-mcp-aigf", "method": "tools/call", "request_id": 87, "session": "local", "tool": "search_framework", "args_bytes": 203, "args_sha256": "ecfe9591d6ab194d95b2356469968880a197f6149af1fa42506d9e343ad2372e", "result_bytes": 9752, "outcome": "ok", "duration_ms": 5.138}
{"ts": "2026-09-05T01:18:56.739+00:00", "server": "finos-mcp-aigf", "method": "tools/call", "request_id": 88, "session": "local", "tool": "map_risks_to_controls", "args_bytes": 210, "args_sha256": "8533239b3c0e0ce0327fdce1003b7b51f08e52eefafc1352891b48b32193f2d4", "result_bytes": 3530, "outcome": "ok", "duration_ms": 2.365}
{"ts": "2026-09-05T01:18:56.741+00:00", "server": "finos-mcp-aigf", "method": "tools/call", "request_id": 89, "session": "local", "tool": "map_risks_to_controls", "args_bytes": 170, "args_sha256": "e2b29b7abd9d014eb8f3b5bf0cf0a063a7d13aae23e05d4f81e9a51eb4a51095", "result_bytes": 5096, "outcome": "ok", "duration_ms": 2.654}
{"ts": "2026-09-05T01:18:56.743+00:00", "server": "finos-mcp-aigf", "method": "tools/call", "request_id": 90, "session": "local", "tool": "search_framework", "args_bytes": 189, "args_sha256": "7caf757c6cd3c3a2261c1e274dcd65dd2e6a9a6f68f285385083574b43340828", "outcome": "rate_limited", "duration_ms": 0.03}
{"ts": "2026-09-05T01:18:57.245+00:00", "server": "finos-mcp-aigf", "method": "tools/call", "request_id": 91, "session": "local", "tool": "search_framework", "args_bytes": 189, "args_sha256": "7caf757c6cd3c3a2261c1e274dcd65dd2e6a9a6f68f285385083574b43340828", "result_bytes": 10048, "outcome": "ok", "duration_ms": 5.878}
{"ts": "2026-09-05T01:18:57.247+00:00", "server": "finos-mcp-aigf", "method": "tools/call", "request_id": 92, "session": "local", "tool": "map_risks_to_controls", "args_bytes": 195, "args_sha256": "4f9b7a4926b0c95aa7884b97ab3c3fd7868666f1c84915fac4a25a949287fc51", "result_bytes": 4150, "outcome": "ok", "duration_ms": 2.446}
{"ts": "2026-09-05T01:18:57.252+00:00", "server": "finos-mcp-aigf", "method": "tools/call", "request_id": 93, "session": "local", "tool": "map_risks_to_controls", "args_bytes": 157, "args_sha256": "b86a9f8e992ee8c28f199d994dd5283bd1a405596e9da6cfeb2081a48ffaf61f", "result_bytes": 4602, "outcome": "ok", "duration_ms": 2.338}
{"ts": "2026-09-05T01:18:57.255+00:00", "server": "finos-mcp-aigf", "method": "tools/call", "request_id": 94, "session": "local", "tool": "search_framework", "args_bytes": 187, "args_sha256": "6af3556df3d1b880cee1c1007526b7c071439bbf5a100dde07ea5670cd44e700", "outcome": "rate_limited", "duration_ms": 0.037}
{"ts": "2026-09-05T01:18:57.747+00:00", "server": "finos-mcp-aigf", "method": "tools/call", "request_id": 95, "session": "local", "tool": "search_framework", "args_bytes": 187, "args_sha256": "6af3556df3d1b880cee1c1007526b7c071439bbf5a100dde07ea5670cd44e700", "result_bytes": 10100, "outcome": "ok", "duration_ms": 4.376}
{"ts": "2026-09-05T01:18:57.752+00:00", "server": "finos-mcp-aigf", "method": "tools/call", "request_id": 96, "session": "local", "tool": "map_risks_to_controls", "args_bytes": 194, "args_sha256": "c70dd1f8a28b2b2d4dfbc115c252af859019535ac91150ebd6e5ea9b879376e0", "result_bytes": 5134, "outcome": "ok", "duration_ms": 2.861}
{"ts": "2026-09-05T01:18:57.755+00:00", "server": "finos-mcp-aigf", "method": "tools/call", "request_id": 97, "session": "local", "tool": "map_risks_to_controls", "args_bytes": 146, "args_sha256": "3de72f530a04943c8e22180927d206fee0349309a0891987bcd3145a1f1d2f41", "result_bytes": 6964, "outcome": "ok", "duration_ms": 2.577}
{"ts": "2026-09-05T01:18:57.759+00:00", "server": "finos-mcp-aigf", "method": "tools/call", "request_id": 98, "session": "local", "tool": "search_framework", "args_bytes": 168, "args_sha256": "e085cbee6354e8c34b3aec6a71043511c3adc03dbc8162a51f864e27e03853da", "outcome": "rate_limited", "duration_ms": 0.034}
{"ts": "2026-09-05T01:18:58.242+00:00", "server": "finos-mcp-aigf", "method": "tools/call", "request_id": 99, "session": "local", "tool": "search_framework", "args_bytes": 168, "args_sha256": "e085cbee6354e8c34b3aec6a71043511c3adc03dbc8162a51f864e27e03853da", "result_bytes": 9804, "outcome": "ok", "duration_ms": 4.392}
{"ts": "2026-09-05T01:18:58.245+00:00", "server": "finos-mcp-aigf", "method": "tools/call", "request_id": 100, "session": "local", "tool": "map_risks_to_controls", "args_bytes": 175, "args_sha256": "75892354cc5a57ec480975eba6d3cb8a5f4f0b51a1fed57af983ca961cc7d14f", "result_bytes": 6552, "outcome": "ok", "duration_ms": 3.361}
{"ts": "2026-09-05T01:18:58.248+00:00", "server": "finos-mcp-aigf", "method": "tools/call", "request_id": 101, "session": "local", "tool": "map_risks_to_controls", "args_bytes": 133, "args_sha256": "56511adfdd4dac054603e1f6f09c11904198d837426ddf94d669b98dcb3ebb23", "outcome": "rate_limited", "duration_ms": 0.039}
{"ts": "2026-09-05T01:18:59.271+00:00", "server": "finos-mcp-aigf", "method": "tools/call", "request_id": 102, "session": "local", "tool": "map_risks_to_controls", "args_bytes": 133, "args_sha256": "56511adfdd4dac054603e1f6f09c11904198d837426ddf94d669b98dcb3ebb23", "result_bytes": 6592, "outcome": "ok", "duration_ms": 3.604}
{"ts": "2026-09-05T01:18:59.280+00:00", "server": "finos-mcp-aigf", "method": "tools/call", "request_id": 103, "session": "local", "tool": "search_framework", "args_bytes": 169, "args_sha256": "5487f37930b53aa570036fbca12caf8a0de4cc242618606e835e718bf0a1d649", "result_bytes": 9676, "outcome": "ok", "duration_ms": 6.214}
{"ts": "2026-09-05T01:18:59.282+00:00", "server": "finos-mcp-aigf", "method": "tools/call", "request_id": 104, "session": "local", "tool": "map_risks_to_controls", "args_bytes": 176, "args_sha256": "5bcaaeda2563e8c1fb2a724685bae0440c6bd42bfe9bcbfb5ff65212a939604c", "outcome": "rate_limited", "duration_ms": 0.041}
{"ts": "2026-09-05T01:19:00.273+00:00", "server": "finos-mcp-aigf", "method": "tools/call", "request_id": 105, "session": "local", "tool": "map_risks_to_controls", "args_bytes": 176, "args_sha256": "5bcaaeda2563e8c1fb2a724685bae0440c6bd42bfe9bcbfb5ff65212a939604c", "result_bytes": 5172, "outcome": "ok", "duration_ms": 3.814}
{"ts": "2026-09-05T01:19:00.275+00:00", "server": "finos-mcp-aigf", "method": "tools/call", "request_id": 106, "session": "local", "tool": "map_risks_to_controls", "args_bytes": 130, "args_sha256": "b2ce53bae9aef1c5d9332c0d6ba67d877effcdccd0b63137aa69954339f9b59c", "outcome": "rate_limited", "duration_ms": 0.042}
{"ts": "2026-09-05T01:19:01.339+00:00", "server": "finos-mcp-aigf", "method": "tools/call", "request_id": 107, "session": "local", "tool": "map_risks_to_controls", "args_bytes": 130, "args_sha256": "b2ce53bae9aef1c5d9332c0d6ba67d877effcdccd0b63137aa69954339f9b59c", "result_bytes": 7458, "outcome": "ok", "duration_ms": 67.283}
{"ts": "2026-09-05T01:19:01.346+00:00", "server": "finos-mcp-aigf", "method": "tools/call", "request_id": 108, "session": "local", "tool": "search_framework", "args_bytes": 171, "args_sha256": "e1012acba20c03bb68eb7cc32dc07a1df0776c92a7ec93c39f9b42ec358c8116", "result_bytes": 10114, "outcome": "ok", "duration_ms": 5.128}
{"ts": "2026-09-05T01:19:01.350+00:00", "server": "finos-mcp-aigf", "method": "tools/call", "request_id": 109, "session": "local", "tool": "map_risks_to_controls", "args_bytes": 178, "args_sha256": "82c86eb0ee3aed360182489fc2e417e80bdfed301eefc56c3dab5f3cd59bd3e7", "outcome": "rate_limited", "duration_ms": 0.045}
{"ts": "2026-09-05T01:19:02.269+00:00", "server": "finos-mcp-aigf", "method": "tools/call", "request_id": 110, "session": "local", "tool": "map_risks_to_controls", "args_bytes": 178, "args_sha256": "82c86eb0ee3aed360182489fc2e417e80bdfed301eefc56c3dab5f3cd59bd3e7", "result_bytes": 4618, "outcome": "ok", "duration_ms": 3.112}
{"ts": "2026-09-05T01:19:02.269+00:00", "server": "finos-mcp-aigf", "method": "tools/call", "request_id": 111, "session": "local", "tool": "map_risks_to_controls", "args_bytes": 132, "args_sha256": "d98927fbd7bb419cb08f273f06155de1609f46084f0d3e8dc8cccdc9dfda9c6b", "outcome": "rate_limited", "duration_ms": 0.041}
{"ts": "2026-09-05T01:19:03.271+00:00", "server": "finos-mcp-aigf", "method": "tools/call", "request_id": 112, "session": "local", "tool": "map_risks_to_controls", "args_bytes": 132, "args_sha256": "d98927fbd7bb419cb08f273f06155de1609f46084f0d3e8dc8cccdc9dfda9c6b", "result_bytes": 5728, "outcome": "ok", "duration_ms": 3.134}
{"ts": "2026-09-05T01:19:03.278+00:00", "server": "finos-mcp-aigf", "method": "tools/call", "request_id": 113, "session": "local", "tool": "search_framework", "args_bytes": 146, "args_sha256": "58f439448240c570a81bc82d40e85ea00be8c3cbbf070448f6374fea9bea2b33", "result_bytes": 9648, "outcome": "ok", "duration_ms": 5.163}
{"ts": "2026-09-05T01:19:03.280+00:00", "server": "finos-mcp-aigf", "method": "tools/call", "request_id": 114, "session": "local", "tool": "map_risks_to_controls", "args_bytes": 152, "args_sha256": "2afbcff9c02afcc3743b11647d99ab386e4cbb2d44e843722403d2f652c0bf60", "outcome": "rate_limited", "duration_ms": 0.038}
{"ts": "2026-09-05T01:19:04.257+00:00", "server": "finos-mcp-aigf", "method": "tools/call", "request_id": 115, "session": "local", "tool": "map_risks_to_controls", "args_bytes": 152, "args_sha256": "2afbcff9c02afcc3743b11647d99ab386e4cbb2d44e843722403d2f652c0bf60", "result_bytes": 5364, "outcome": "ok", "duration_ms": 3.568}
{"ts": "2026-09-05T01:19:04.259+00:00", "server": "finos-mcp-aigf", "method": "tools/call", "request_id": 116, "session": "local", "tool": "map_risks_to_controls", "args_bytes": 115, "args_sha256": "d6b8105bd1ac3f869550d6fa36c6fe8f94cb479081b90ebe8a37cafd82ebc241", "outcome": "rate_limited", "duration_ms": 0.04}
{"ts": "2026-09-05T01:19:05.275+00:00", "server": "finos-mcp-aigf", "method": "tools/call", "request_id": 117, "session": "local", "tool": "map_risks_to_controls", "args_bytes": 115, "args_sha256": "d6b8105bd1ac3f869550d6fa36c6fe8f94cb479081b90ebe8a37cafd82ebc241", "result_bytes": 4598, "outcome": "ok", "duration_ms": 3.349}
=========================== short test summary info ===========================
FAILED evals/retrieval/test_retrieval.py::test_retrieval_recall_and_mrr - Ass...
=================== 1 failed, 2 passed in 260.63s (0:04:20) ===================
